# JRE version: OpenJDK Runtime Environment (17.0+35) (build 17+35-2724)
# Java VM: OpenJDK 64-Bit Server VM (17+35-2724, mixed mode, sharing, tiered, compressed oops, compressed class ptrs, g1 gc, windows-amd64)
GC Precious Log:
 CPUs: 16 total, 16 available
 Memory: 16295M
 Large Page Support: Disabled
 NUMA Support: Disabled
 Compressed Oops: Enabled (Zero based)
 Heap Region Size: 2M
 Heap Min Capacity: 8M
 Heap Initial Capacity: 256M
 Heap Max Capacity: 4074M
 Pre-touch: Disabled
 Parallel Workers: 13
 Concurrent Workers: 3
 Concurrent Refinement Workers: 13
 Periodic GC: Disabled
Heap:
 garbage-first heap   total 75776K, used 45239K [0x0000000701600000, 0x0000000800000000)
  region size 2048K, 13 young (26624K), 3 survivors (6144K)
 Metaspace       used 64270K, committed 64640K, reserved 1105920K
  class space    used 8644K, committed 8832K, reserved 1048576K
GC Heap History (20 events):
Event: 0.654 GC heap before
{Heap before GC invocations=1 (full 0):
 garbage-first heap   total 262144K, used 27399K [0x0000000701600000, 0x0000000800000000)
  region size 2048K, 13 young (26624K), 2 survivors (4096K)
 Metaspace       used 10539K, committed 10752K, reserved 1064960K
  class space    used 1334K, committed 1408K, reserved 1048576K
}
Event: 0.657 GC heap after
{Heap after GC invocations=2 (full 0):
 garbage-first heap   total 262144K, used 9068K [0x0000000701600000, 0x0000000800000000)
  region size 2048K, 1 young (2048K), 1 survivors (2048K)
 Metaspace       used 10539K, committed 10752K, reserved 1064960K
  class space    used 1334K, committed 1408K, reserved 1048576K
}
Event: 0.828 GC heap before
{Heap before GC invocations=2 (full 0):
 garbage-first heap   total 262144K, used 68460K [0x0000000701600000, 0x0000000800000000)
  region size 2048K, 31 young (63488K), 1 survivors (2048K)
 Metaspace       used 16547K, committed 16832K, reserved 1064960K
  class space    used 2088K, committed 2240K, reserved 1048576K
}
Event: 0.830 GC heap after
{Heap after GC invocations=3 (full 0):
 garbage-first heap   total 262144K, used 10615K [0x0000000701600000, 0x0000000800000000)
  region size 2048K, 2 young (4096K), 2 survivors (4096K)
 Metaspace       used 16547K, committed 16832K, reserved 1064960K
  class space    used 2088K, committed 2240K, reserved 1048576K
}
Event: 1.117 GC heap before
{Heap before GC invocations=3 (full 0):
 garbage-first heap   total 262144K, used 47479K [0x0000000701600000, 0x0000000800000000)
  region size 2048K, 21 young (43008K), 2 survivors (4096K)
 Metaspace       used 21285K, committed 21504K, reserved 1073152K
  class space    used 2696K, committed 2816K, reserved 1048576K
}
Event: 1.119 GC heap after
{Heap after GC invocations=4 (full 0):
 garbage-first heap   total 262144K, used 12806K [0x0000000701600000, 0x0000000800000000)
  region size 2048K, 3 young (6144K), 3 survivors (6144K)
 Metaspace       used 21285K, committed 21504K, reserved 1073152K
  class space    used 2696K, committed 2816K, reserved 1048576K
}
Event: 1.508 GC heap before
{Heap before GC invocations=5 (full 0):
 garbage-first heap   total 55296K, used 39430K [0x0000000701600000, 0x0000000800000000)
  region size 2048K, 16 young (32768K), 3 survivors (6144K)
 Metaspace       used 26164K, committed 26432K, reserved 1073152K
  class space    used 3405K, committed 3520K, reserved 1048576K
}
Event: 1.513 GC heap after
{Heap after GC invocations=6 (full 0):
 garbage-first heap   total 55296K, used 15482K [0x0000000701600000, 0x0000000800000000)
  region size 2048K, 2 young (4096K), 2 survivors (4096K)
 Metaspace       used 26164K, committed 26432K, reserved 1073152K
  class space    used 3405K, committed 3520K, reserved 1048576K
}
Event: 1.698 GC heap before
{Heap before GC invocations=6 (full 0):
 garbage-first heap   total 55296K, used 33914K [0x0000000701600000, 0x0000000800000000)
  region size 2048K, 12 young (24576K), 2 survivors (4096K)
 Metaspace       used 28907K, committed 29248K, reserved 1081344K
  class space    used 3730K, committed 3904K, reserved 1048576K
}
Event: 1.702 GC heap after
{Heap after GC invocations=7 (full 0):
 garbage-first heap   total 159744K, used 16570K [0x0000000701600000, 0x0000000800000000)
  region size 2048K, 1 young (2048K), 1 survivors (2048K)
 Metaspace       used 28907K, committed 29248K, reserved 1081344K
  class space    used 3730K, committed 3904K, reserved 1048576K
}
Event: 2.159 GC heap before
{Heap before GC invocations=7 (full 0):
 garbage-first heap   total 159744K, used 75962K [0x0000000701600000, 0x0000000800000000)
  region size 2048K, 32 young (65536K), 1 survivors (2048K)
 Metaspace       used 35711K, committed 35968K, reserved 1081344K
  class space    used 4528K, committed 4672K, reserved 1048576K
}
Event: 2.162 GC heap after
{Heap after GC invocations=8 (full 0):
 garbage-first heap   total 159744K, used 18699K [0x0000000701600000, 0x0000000800000000)
  region size 2048K, 2 young (4096K), 2 survivors (4096K)
 Metaspace       used 35711K, committed 35968K, reserved 1081344K
  class space    used 4528K, committed 4672K, reserved 1048576K
}
Event: 2.762 GC heap before
{Heap before GC invocations=9 (full 0):
 garbage-first heap   total 75776K, used 59659K [0x0000000701600000, 0x0000000800000000)
  region size 2048K, 22 young (45056K), 2 survivors (4096K)
 Metaspace       used 47493K, committed 47808K, reserved 1097728K
  class space    used 6425K, committed 6592K, reserved 1048576K
}
Event: 2.764 GC heap after
{Heap after GC invocations=10 (full 0):
 garbage-first heap   total 75776K, used 21068K [0x0000000701600000, 0x0000000800000000)
  region size 2048K, 3 young (6144K), 3 survivors (6144K)
 Metaspace       used 47493K, committed 47808K, reserved 1097728K
  class space    used 6425K, committed 6592K, reserved 1048576K
}
Event: 3.072 GC heap before
{Heap before GC invocations=10 (full 0):
 garbage-first heap   total 75776K, used 53836K [0x0000000701600000, 0x0000000800000000)
  region size 2048K, 19 young (38912K), 3 survivors (6144K)
 Metaspace       used 52543K, committed 52928K, reserved 1097728K
  class space    used 7090K, committed 7232K, reserved 1048576K
}
Event: 3.076 GC heap after
{Heap after GC invocations=11 (full 0):
 garbage-first heap   total 75776K, used 24201K [0x0000000701600000, 0x0000000800000000)
  region size 2048K, 3 young (6144K), 3 survivors (6144K)
 Metaspace       used 52543K, committed 52928K, reserved 1097728K
  class space    used 7090K, committed 7232K, reserved 1048576K
}
Event: 4.074 GC heap before
{Heap before GC invocations=11 (full 0):
 garbage-first heap   total 75776K, used 54921K [0x0000000701600000, 0x0000000800000000)
  region size 2048K, 18 young (36864K), 3 survivors (6144K)
 Metaspace       used 57397K, committed 57792K, reserved 1105920K
  class space    used 7756K, committed 7936K, reserved 1048576K
}
Event: 4.077 GC heap after
{Heap after GC invocations=12 (full 0):
 garbage-first heap   total 75776K, used 26658K [0x0000000701600000, 0x0000000800000000)
  region size 2048K, 3 young (6144K), 3 survivors (6144K)
 Metaspace       used 57397K, committed 57792K, reserved 1105920K
  class space    used 7756K, committed 7936K, reserved 1048576K
}
Event: 4.240 GC heap before
{Heap before GC invocations=12 (full 0):
 garbage-first heap   total 75776K, used 36898K [0x0000000701600000, 0x0000000800000000)
  region size 2048K, 9 young (18432K), 3 survivors (6144K)
 Metaspace       used 59945K, committed 60288K, reserved 1105920K
  class space    used 8097K, committed 8256K, reserved 1048576K
}
Event: 4.243 GC heap after
{Heap after GC invocations=13 (full 0):
 garbage-first heap   total 75776K, used 28855K [0x0000000701600000, 0x0000000800000000)
  region size 2048K, 3 young (6144K), 3 survivors (6144K)
 Metaspace       used 59945K, committed 60288K, reserved 1105920K
  class space    used 8097K, committed 8256K, reserved 1048576K
}

